<?xml version="1.0" encoding="UTF-8"?>
<!-- Generated by org.testng.reporters.JUnitReportReporter -->
<testsuite hostname="JyothiCyril" failures="0" tests="3" name="com.qa.testngDemo.FundTransfer" time="0.006" errors="0" timestamp="2022-03-17T12:40:53 IST" skipped="0">
  <testcase classname="com.qa.testngDemo.FundTransfer" name="FT_NEFT" time="0.003"/>
  <system-out/>
  <testcase classname="com.qa.testngDemo.FundTransfer" name="FT_IMPS" time="0.000"/>
  <system-out/>
  <testcase classname="com.qa.testngDemo.FundTransfer" name="FT_International" time="0.003"/>
  <system-out/>
</testsuite> <!-- com.qa.testngDemo.FundTransfer -->
