<?xml version="1.0" encoding="UTF-8"?>
<!-- Generated by org.testng.reporters.JUnitReportReporter -->
<testsuite hostname="JyothiCyril" failures="0" tests="1" name="com.qa.testscripts.TC_WorkinWithAlerts" time="10.380" errors="0" timestamp="2022-03-17T17:28:53 IST" skipped="0">
  <testcase classname="com.qa.testscripts.TC_WorkinWithAlerts" name="sampleAlerts" time="10.380"/>
  <system-out/>
</testsuite> <!-- com.qa.testscripts.TC_WorkinWithAlerts -->
