<?xml version="1.0" encoding="UTF-8"?>
<!-- Generated by org.testng.reporters.JUnitReportReporter -->
<testsuite hostname="JyothiCyril" failures="0" tests="3" name="com.qa.testscripts.TC_WorkingwithFrames" time="4.468" errors="0" timestamp="2022-03-17T17:10:27 IST" skipped="2">
  <testcase classname="com.qa.testscripts.TC_WorkingwithFrames" name="frameByElement" time="4.468"/>
  <system-out/>
  <testcase classname="com.qa.testscripts.TC_WorkingwithFrames" name="frameByIndex">
    <skipped/>
  </testcase> <!-- frameByIndex -->
  <system-out/>
  <testcase classname="com.qa.testscripts.TC_WorkingwithFrames" name="frameByName">
    <skipped/>
  </testcase> <!-- frameByName -->
  <system-out/>
</testsuite> <!-- com.qa.testscripts.TC_WorkingwithFrames -->
