<?xml version="1.0" encoding="UTF-8"?>
<!-- Generated by org.testng.reporters.JUnitReportReporter -->
<testsuite hostname="JyothiCyril" failures="0" tests="3" name="com.qa.testscripts.TC_Amazon_005" time="47.862" errors="0" timestamp="2022-03-24T11:24:58 IST" skipped="0">
  <testcase classname="com.qa.testscripts.TC_Amazon_005" name="userReg" time="15.575"/>
  <system-out/>
  <testcase classname="com.qa.testscripts.TC_Amazon_005" name="userReg" time="14.614"/>
  <system-out/>
  <testcase classname="com.qa.testscripts.TC_Amazon_005" name="userReg" time="17.673"/>
  <system-out/>
</testsuite> <!-- com.qa.testscripts.TC_Amazon_005 -->
