<?xml version="1.0" encoding="UTF-8"?>
<!-- Generated by org.testng.reporters.JUnitReportReporter -->
<testsuite hostname="JyothiCyril" failures="0" tests="1" name="com.qa.testngDemo.CCBillPayment" time="0.002" errors="0" timestamp="2022-03-17T12:40:53 IST" skipped="0">
  <testcase classname="com.qa.testngDemo.CCBillPayment" name="CCBPayment" time="0.002"/>
  <system-out/>
</testsuite> <!-- com.qa.testngDemo.CCBillPayment -->
