<?xml version="1.0" encoding="UTF-8"?>
<!-- Generated by org.testng.reporters.JUnitReportReporter -->
<testsuite hostname="JyothiCyril" failures="0" tests="1" name="com.qa.testscripts.TC_WorkingWithMultipleWindows" time="6.128" errors="0" timestamp="2022-03-17T16:50:44 IST" skipped="0">
  <testcase classname="com.qa.testscripts.TC_WorkingWithMultipleWindows" name="multiWins" time="6.128"/>
  <system-out>
    <![CDATA[Citi India - Credit Cards, Personal & Home Loans, Investment, Wealth Management & Banking
Disclaimer
Global Investment Bank and Financial Services | Citi]]>
  </system-out>
</testsuite> <!-- com.qa.testscripts.TC_WorkingWithMultipleWindows -->
