<?xml version="1.0" encoding="UTF-8"?>
<!-- Generated by org.testng.reporters.JUnitReportReporter -->
<testsuite hostname="JyothiCyril" failures="0" tests="1" name="com.qa.testscripts.TC_DatePicker" time="21.157" errors="0" timestamp="2022-03-24T10:37:40 IST" skipped="0">
  <testcase classname="com.qa.testscripts.TC_DatePicker" name="clearTrip" time="21.157"/>
  <system-out/>
</testsuite> <!-- com.qa.testscripts.TC_DatePicker -->
