<?xml version="1.0" encoding="UTF-8"?>
<!-- Generated by org.testng.reporters.JUnitReportReporter -->
<testsuite hostname="JyothiCyril" failures="0" tests="1" name="com.qa.testscripts.TC_Amazon_004" time="0.323" errors="0" timestamp="2022-03-24T11:24:58 IST" skipped="0">
  <testcase classname="com.qa.testscripts.TC_Amazon_004" name="checkFieldExists" time="0.323"/>
  <system-out>
    <![CDATA[Search text field is present on the page]]>
  </system-out>
</testsuite> <!-- com.qa.testscripts.TC_Amazon_004 -->
