<?xml version="1.0" encoding="UTF-8"?>
<!-- Generated by org.testng.reporters.JUnitReportReporter -->
<testsuite hostname="JyothiCyril" failures="0" tests="2" name="com.qa.testscripts.TC_ScreenshotsExample" time="0.856" errors="0" timestamp="2022-03-24T08:24:32 IST" skipped="0">
  <testcase classname="com.qa.testscripts.TC_ScreenshotsExample" name="elementScreenshot" time="0.287"/>
  <system-out/>
  <testcase classname="com.qa.testscripts.TC_ScreenshotsExample" name="driverScreenshot" time="0.569"/>
  <system-out/>
</testsuite> <!-- com.qa.testscripts.TC_ScreenshotsExample -->
