<?xml version="1.0" encoding="UTF-8"?>
<!-- Generated by org.testng.reporters.JUnitReportReporter -->
<testsuite hostname="JyothiCyril" failures="0" tests="1" name="com.qa.testscripts.TC_Rediff_001" time="4.618" errors="0" timestamp="2022-03-22T08:42:20 IST" skipped="0">
  <testcase classname="com.qa.testscripts.TC_Rediff_001" name="LoginAction" time="4.618"/>
  <system-out>
    <![CDATA[User is landed on the login page]]>
  </system-out>
</testsuite> <!-- com.qa.testscripts.TC_Rediff_001 -->
