<?xml version="1.0" encoding="UTF-8"?>
<!-- Generated by org.testng.reporters.JUnitReportReporter -->
<testsuite skipped="0" hostname="JyothiCyril" name="com.qa.testscripts.TC_DDTJSON" tests="3" failures="0" timestamp="2022-04-07T10:00:37 IST" time="10.419" errors="0">
  <testcase name="searchItem" time="3.397" classname="com.qa.testscripts.TC_DDTJSON"/>
  <system-out>
    <![CDATA[The title of page has search term
Xiaomi 11T Pro 5G Hyperphone(Meteorite Black,8GB RAM,256GB Storage)|SD 888 5G|120 Hz True 10-bit AMOLED|120W HyperCharge|6 Months Free Screen Replacement for Prime|Additional Exchange Offer Available
Samsung Galaxy M12 (Blue,4GB RAM, 64GB Storage) 6000 mAh with 8nm Processor | True 48 MP Quad Camera | 90Hz Refresh Rate
Redmi 9 (Sky Blue, 4GB RAM, 64GB Storage) | 2.3GHz Mediatek Helio G35 Octa core Processor
OPPO A31 (Fantasy White, 6GB RAM, 128GB Storage) with No Cost EMI/Additional Exchange Offers
OPPO A31 (Mystery Black, 6GB RAM, 128GB Storage) with No Cost EMI/Additional Exchange Offers
Redmi Note 11 (Space Black, 6GB RAM, 64GB Storage) | 90Hz FHD+ AMOLED Display | Qualcomm® Snapdragon™ 680-6nm | Alexa Built-in
Samsung Galaxy M12 (Blue,4GB RAM, 64GB Storage) 6000 mAh with 8nm Processor | True 48 MP Quad Camera | 90Hz Refresh Rate
Redmi Note 11 (Horizon Blue, 6GB RAM, 64GB Storage)|90Hz FHD+ AMOLED Display | Qualcomm® Snapdragon™ 680-6nm | Alexa Built-in
realme narzo 50A (Oxygen Blue , 4GB RAM + 128 GB Storage) Helio G85 Processor | 50MP AI Triple Camera | 6000 mAh Battery
Samsung Galaxy M12 (Blue,6GB RAM, 128GB Storage) 6 Months Free Screen Replacement for Prime
Samsung Galaxy M12 (Black,4GB RAM, 64GB Storage) 6000 mAh with 8nm Processor | True 48 MP Quad Camera | 90Hz Refresh Rate
Samsung Galaxy M32 (Black, 6GB RAM, 128GB Storage) 6 Months Free Screen Replacement for Prime
Redmi 9A Sport (Carbon Black, 2GB RAM, 32GB Storage) | 2GHz Octa-core Helio G25 Processor | 5000 mAh Battery
Jio Phone Next 32 GB ROM, 2 GB RAM, Blue Smartphone
Redmi Note 11 (Starburst White, 6GB RAM, 128GB Storage)|90Hz FHD+ AMOLED Display | Qualcomm® Snapdragon™ 680-6nm | Alexa Built-in
I KALL Z1 Smartphone (Blue, 5.5 Inch, 4GB, 32G) | 4G Volte | Android 8.1
Redmi 9A(Midnight Black 3GB RAM 32GB Storage) | 2GHz Octa-core Helio G25 Processor | 5000 mAh Battery
Redmi 10 Prime (Phantom Black 6GB RAM 128GB ROM |Helio G88 with extendable RAM Upto 2GB |FHD+ 90Hz Adaptive Sync Display)
realme narzo 50A (Oxygen Blue , 4GB RAM + 64 GB Storage) Helio G85 Processor | 50MP AI Triple Camera | 6000 mAh Battery
Samsung Galaxy M32 5G (Sky Blue, 6GB RAM, 128GB Storage)
Nokia 105 Single SIM (Black)
Samsung Galaxy M12 (White,4GB RAM, 64GB Storage) 6000 mAh with 8nm Processor | True 48 MP Quad Camera | 90Hz Refresh Rate
Nokia 5310 Dual SIM Keypad Phone with MP3 Player, Wireless FM Radio and Rear Camera with Flash | White/Red
Nokia 150 (2020) (Black)
Jio Phone Next 32 GB, 2 GB RAM, Blue Smartphone
NOKIA 105 Dual SIM (Black)
Nokia 105 Single SIM (Blue)
Motorola a10 keypad Mobile Dual Sim with Expandable Memory Upto 32GB,FM with 1750 mAh Battery, Dark Blue
OPPO A74 5G (Fantastic Purple,6GB RAM,128GB Storage) with No Cost EMI/Additional Exchange Offers
Vivo Y73 (Roman Black, 8GB RAM, 128GB Storage) with No Cost EMI/Additional Exchange Offers]]>
  </system-out>
  <testcase name="searchItem" time="3.303" classname="com.qa.testscripts.TC_DDTJSON"/>
  <system-out>
    <![CDATA[The title of page has search term
AmazonBasics 6.5 kg Fully-Automatic Top Load Washing Machine (Grey/Black, Full Metal body, LED Display)
AmazonBasics 8 kg Semi-automatic Washing Machine (with Heavy wash function, White/Blue color)
Samsung 6.5 kg Fully-Automatic Top Loading Washing Machine (WA65A4002VS/TL, Imperial Silver, Center Jet Pulsator)
Samsung 6.5 Kg 5 Star Inverter Fully-Automatic Top Loading Washing Machine (WA65T4262GG/TL, Light Grey, Wobble technology)
Whirlpool 7 Kg 5 Star Semi-Automatic Top Loading Washing Machine (SUPERB ATOM 7.0, Grey Dazzle, TurboScrub Technology)
Panasonic Econavi 8 Kg 5 Star Built-In Heater Fully-Automatic Top Loading Washing Machine (NA-F80V9LRB, Silver, Stain Master+)
Panasonic 6.5 kg 5 Star Semi-Automatic Top Loading Washing Machine (NA-W65E5ARB, Blue, Powerful Motor)
Bosch 6 kg 5 Star Inverter Fully Automatic Front Loading Washing Machine with In - built Heater (WLJ2016WIN, White )
LG 6.5 Kg 5 Star Smart Inverter Fully-Automatic Top Loading Washing Machine (T65SKSF4Z, Middle Free Silver)
Samsung 7 Kg 5 Star Inverter Fully-Automatic Top Loading Washing Machine (WA70T4262GS/TL, Imperial Silver, Wobble technology)
Samsung 6.0 Kg Inverter 5 Star Fully-Automatic Front Loading Washing Machine (WW60R20GLMA/TL, White, Hygiene Steam)
IFB 6 Kg 5 Star Fully-Automatic Front Loading Washing Machine (Diva Plus BX, White, Inbuilt Heater, Ball Valve Technology)
Whirlpool 7.5 Kg 5 Star Semi-Automatic Top Loading Washing Machine (ACE 7.5 SUPREME, Grey Dazzle)
Godrej 6.2 Kg Fully-Automatic Top Loading Washing Machine (WT EON 620 A Gp Gr, Grey)
Whirlpool 6 Kg 5 Star Semi-Automatic Top Loading Washing Machine (SUPERB ATOM 60I, Grey Dazzle)
Samsung 6.5 kg Fully-Automatic Top Loading Washing Machine (WA65A4002VS/TL, Imperial Silver, Center Jet Pulsator)
Croma 8 Kg Fully Automatic Top Load Washing Machine (CRAW1402, Grey)
LG 7 kg 5 Star Inverter Fully-Automatic Top Loading Washing Machine (T70SKSF1Z, Middle Free Silver, TurboDrum)
Panasonic 7 Kg 5 Star Fully-Automatic Top Loading Washing Machine (NA-F70LF1HRB, Grey)
Samsung 10 Kg 5 Star Inverter Fully-Automatic Top Loading Washing Machine (WA10T5260BY/TL, Lavender Gray, Wobble Technology)
Whirlpool 7 Kg 5 Star Royal Plus Fully-Automatic Top Loading Washing Machine (WHITEMAGIC ROYAL PLUS 7.0, Grey, Hard Water Wash)
Whirlpool 7.5 Kg 5 Star Royal Plus Fully-Automatic Top Loading Washing Machine (WHITEMAGIC ROYAL PLUS 7.5, Grey, Hard Water Wash)
Onida 9.0 kg Top Loading Washer Only (W90W, Lava Red)
DMR Portable 3 kg Mini Top-Load Washing Machine with Dryer Basket (DMR 30-1208, Black)
AmazonBasics 6.5 kg Fully-Automatic Top Load Washing Machine (Grey/Black, Full Metal body, LED Display)
Godrej 6 Kg 5 Star Fully-Automatic Top Loading Washing Machine (WTEON 600 AD 5.0 ROGR, Grey, Acu Wash Drum)
Samsung 7 kg Fully-Automatic Top Loading Washing Machine (WA70A4002GS/TL, Imperial Silver, Diamond drum)
DMR 46-1218 4.6Kg Top Loading Washing Machine, Blue
Onida 7 Kg 5 Star Semi-Automatic Top Loading Washing Machine (S70OIB, White)
Amazon Basics 6 Kg Fully Automatic Top Loading Washing machine
AmazonBasics 8 Place Setting Dishwasher (2021, Silver)]]>
  </system-out>
  <testcase name="searchItem" time="3.719" classname="com.qa.testscripts.TC_DDTJSON"/>
  <system-out>
    <![CDATA[The title of page has search term
The Da Vinci Code: (Robert Langdon Book 2)
The Da Vinci Code (Abridged Edition)
DA VINCI CODE
The Da Vinci Code: A Novel: 2 (Robert Langdon)
The Da Vinci Code: (Robert Langdon Book 2)+Angels and Demons: (Robert Langdon Book 1)+Digital Fortress(Set of 3books)
The Da Vinci Code
The Da Vinci Code
Der Da Vinci Code: Robert Langdon 2
World's Greatest Short Stories (Deluxe Hardbound Edition)
The Complete Novels of Sherlock Holmes
Breaking the Da Vinci Code
The Da Vinci Code: (Robert Langdon Book 2)+The Lost Symbol: (Robert Langdon Book 3)(Set of 2books)
Davinci Code
The Da Vinci Code
The Da Vinci Code: Facts and Fallacies at the 92nd Street Y
The Da Vinci Code
The Da Vinci Code Revisited
Cracking the Da Vinci Code: The Unauthorized Guide to the Facts Behind the Fiction
Think & Grow Rich: THE 21st CENTURY EDITION
The Story of My Life
The Picture of Dorian Gray
1984 (Deluxe Hardbound Edition)]]>
  </system-out>
</testsuite> <!-- com.qa.testscripts.TC_DDTJSON -->
