<?xml version="1.0" encoding="UTF-8"?>
<!-- Generated by org.testng.reporters.JUnitReportReporter -->
<testsuite hostname="JyothiCyril" failures="0" tests="1" name="com.qa.testscripts.TC_DragandDrop" time="4.450" errors="0" timestamp="2022-03-17T17:49:40 IST" skipped="0">
  <testcase classname="com.qa.testscripts.TC_DragandDrop" name="dragDrop" time="4.450"/>
  <system-out/>
</testsuite> <!-- com.qa.testscripts.TC_DragandDrop -->
