<?xml version="1.0" encoding="UTF-8"?>
<!-- Generated by org.testng.reporters.JUnitReportReporter -->
<testsuite skipped="0" hostname="JyothiCyril" name="com.qa.testscripts.TC_Quickr" tests="1" failures="0" timestamp="2022-04-06T16:20:13 IST" time="15.938" errors="0">
  <testcase name="sampleTest" time="15.938" classname="com.qa.testscripts.TC_Quickr"/>
  <system-out/>
</testsuite> <!-- com.qa.testscripts.TC_Quickr -->
